<!DOCTYPE html PUBLIC "-//W3C//DTD XHTML 1.1//EN" "http://www.w3.org/TR/xhtml11/DTD/xhtml11.dtd">
<html xmlns="http://www.w3.org/1999/xhtml"><head><title>TestNG Report</title><style type="text/css">table {margin-bottom:10px;border-collapse:collapse;empty-cells:show}th,td {border:1px solid #009;padding:.25em .5em}th {vertical-align:bottom}td {vertical-align:top}table a {font-weight:bold}.stripe td {background-color: #E6EBF9}.num {text-align:right}.passedodd td {background-color: #3F3}.passedeven td {background-color: #0A0}.skippedodd td {background-color: #DDD}.skippedeven td {background-color: #CCC}.failedodd td,.attn {background-color: #F33}.failedeven td,.stripe .attn {background-color: #D00}.stacktrace {white-space:pre;font-family:monospace}.totop {font-size:85%;text-align:center;border-bottom:2px solid #000}</style></head><body><table><tr><th>Test</th><th># Passed</th><th># Skipped</th><th># Failed</th><th>Time (ms)</th><th>Included Groups</th><th>Excluded Groups</th></tr><tr><th colspan="7">Nexxus Suite</th></tr><tr><td><a href="#t0">LoginCaseOne</a></td><td class="num">1</td><td class="num attn">1</td><td class="num">0</td><td class="num">18,030</td><td></td><td></td></tr><tr class="stripe"><td><a href="#t1">LoginCaseTwo</a></td><td class="num">1</td><td class="num">0</td><td class="num attn">1</td><td class="num">34,543</td><td></td><td></td></tr><tr><td><a href="#t2">CreateNewSalesRep</a></td><td class="num">0</td><td class="num">0</td><td class="num attn">1</td><td class="num">32,880</td><td></td><td></td></tr><tr><th>Total</th><th class="num">2</th><th class="num attn">1</th><th class="num attn">2</th><th class="num">85,453</th><th colspan="2"></th></tr></table><table><thead><tr><th>Class</th><th>Method</th><th>Start</th><th>Time (ms)</th></tr></thead><tbody><tr><th colspan="4">Nexxus Suite</th></tr></tbody><tbody id="t0"><tr><th colspan="4">LoginCaseOne &#8212; skipped</th></tr><tr class="skippedeven"><td rowspan="1">com.np.TestCases.LoginSuite.LoginCaseOne</td><td><a href="#m0">LoginCaseOneTest</a></td><td rowspan="1">1434359469679</td><td rowspan="1">80</td></tr><tr><th colspan="4">LoginCaseOne &#8212; passed</th></tr><tr class="passedeven"><td rowspan="1">com.np.TestCases.LoginSuite.LoginCaseOne</td><td><a href="#m1">LoginCaseOneTest</a></td><td rowspan="1">1434359451889</td><td rowspan="1">17709</td></tr></tbody><tbody id="t1"><tr><th colspan="4">LoginCaseTwo &#8212; failed</th></tr><tr class="failedeven"><td rowspan="1">com.np.TestCases.LoginSuite.LoginCaseTwo</td><td><a href="#m2">LoginCaseTwoTest</a></td><td rowspan="1">1434359486199</td><td rowspan="1">18121</td></tr><tr><th colspan="4">LoginCaseTwo &#8212; passed</th></tr><tr class="passedeven"><td rowspan="1">com.np.TestCases.LoginSuite.LoginCaseTwo</td><td><a href="#m3">LoginCaseTwoTest</a></td><td rowspan="1">1434359469959</td><td rowspan="1">16170</td></tr></tbody><tbody id="t2"><tr><th colspan="4">CreateNewSalesRep &#8212; failed</th></tr><tr class="failedeven"><td rowspan="1">com.np.TestCases.SalesRepSuite.CreateNewSalesRep</td><td><a href="#m4">CreateNewSalesRepTest</a></td><td rowspan="1">1434359504526</td><td rowspan="1">32774</td></tr></tbody></table><h2>LoginCaseOne</h2><h3 id="m0">com.np.TestCases.LoginSuite.LoginCaseOne#LoginCaseOneTest</h3><table class="result"><tr class="param"><th>Parameter #1</th><th>Parameter #2</th><th>Parameter #3</th></tr><tr class="param stripe"><td>EnglishAPI@appature.com</td><td>P@ssw0rd2</td><td>success</td></tr><tr><th colspan="3">Exception</th></tr><tr><td colspan="3"><div class="stacktrace">org.testng.SkipException: DataToRun for row number 1 Is No Or Blank. So Skipping Its Execution.
	at com.np.TestCases.LoginSuite.LoginCaseOne.LoginCaseOneTest(LoginCaseOne.java:75)
... Removed 24 stack frames</div></td></tr></table><p class="totop"><a href="#summary">back to summary</a></p><h3 id="m1">com.np.TestCases.LoginSuite.LoginCaseOne#LoginCaseOneTest</h3><table class="result"><tr class="param"><th>Parameter #1</th><th>Parameter #2</th><th>Parameter #3</th></tr><tr class="param stripe"><td>EnglishUser@appature.com</td><td>P@ssw0rd2</td><td>success</td></tr></table><p class="totop"><a href="#summary">back to summary</a></p><h2>LoginCaseTwo</h2><h3 id="m2">com.np.TestCases.LoginSuite.LoginCaseTwo#LoginCaseTwoTest</h3><table class="result"><tr class="param"><th>Parameter #1</th><th>Parameter #2</th><th>Parameter #3</th></tr><tr class="param stripe"><td>EnglishUser@appature.com</td><td>dfgdf</td><td>Invalid email or password1.</td></tr><tr><th colspan="3">Exception</th></tr><tr><td colspan="3"><div class="stacktrace">java.lang.AssertionError: The following asserts failed:
ActualResult Value Invalid email or password. And ExpectedResult Value Invalid email or password1. Not Match
	at com.np.TestCases.LoginSuite.LoginCaseTwo.LoginCaseTwoTest(LoginCaseTwo.java:93)
... Removed 25 stack frames</div></td></tr></table><p class="totop"><a href="#summary">back to summary</a></p><h3 id="m3">com.np.TestCases.LoginSuite.LoginCaseTwo#LoginCaseTwoTest</h3><table class="result"><tr class="param"><th>Parameter #1</th><th>Parameter #2</th><th>Parameter #3</th></tr><tr class="param stripe"><td>EnglishUser@appature.com</td><td>asdf</td><td>Invalid email or password.</td></tr></table><p class="totop"><a href="#summary">back to summary</a></p><h2>CreateNewSalesRep</h2><h3 id="m4">com.np.TestCases.SalesRepSuite.CreateNewSalesRep#CreateNewSalesRepTest</h3><table class="result"><tr class="param"><th>Parameter #1</th><th>Parameter #2</th><th>Parameter #3</th><th>Parameter #4</th><th>Parameter #5</th><th>Parameter #6</th><th>Parameter #7</th><th>Parameter #8</th><th>Parameter #9</th><th>Parameter #10</th><th>Parameter #11</th><th>Parameter #12</th></tr><tr class="param stripe"><td>testid1</td><td>first1</td><td>last1</td><td>pos</td><td>cty</td><td>st</td><td>987798</td><td>456</td><td>666</td><td>asdfas@imshealth.com</td><td>Yes</td><td>success</td></tr><tr><th colspan="12">Exception</th></tr><tr><td colspan="12"><div class="stacktrace">org.openqa.selenium.NoSuchElementException: Unable to locate element: {&quot;method&quot;:&quot;xpath&quot;,&quot;selector&quot;:&quot;//div[@class=&apos;hbt&apos;][contains(.,&apos;Customers&apos;)]&quot;}
Command duration or timeout: 15.08 seconds
For documentation on this error, please visit: http://seleniumhq.org/exceptions/no_such_element.html
Build info: version: &apos;2.45.0&apos;, revision: &apos;5017cb8&apos;, time: &apos;2015-02-26 23:59:50&apos;
System info: host: &apos;BLRW3003911&apos;, ip: &apos;10.205.35.56&apos;, os.name: &apos;Windows 7&apos;, os.arch: &apos;amd64&apos;, os.version: &apos;6.1&apos;, java.version: &apos;1.7.0_17&apos;
*** Element info: {Using=xpath, value=//div[@class=&apos;hbt&apos;][contains(.,&apos;Customers&apos;)]}
Session ID: 6b19ae7c-5ad4-4f76-a8c4-259dc938c36b
Driver info: org.openqa.selenium.firefox.FirefoxDriver
Capabilities [{platform=WINDOWS, acceptSslCerts=true, javascriptEnabled=true, cssSelectorsEnabled=true, databaseEnabled=true, browserName=firefox, handlesAlerts=true, nativeEvents=false, webStorageEnabled=true, rotatable=false, locationContextEnabled=true, applicationCacheEnabled=true, takesScreenshot=true, version=37.0.1}]
	at org.openqa.selenium.remote.ErrorHandler.createThrowable(ErrorHandler.java:204)
	at org.openqa.selenium.remote.ErrorHandler.throwIfResponseFailed(ErrorHandler.java:156)
	at org.openqa.selenium.remote.RemoteWebDriver.execute(RemoteWebDriver.java:599)
	at org.openqa.selenium.remote.RemoteWebDriver.findElement(RemoteWebDriver.java:352)
	at org.openqa.selenium.remote.RemoteWebDriver.findElementByXPath(RemoteWebDriver.java:449)
	at org.openqa.selenium.By$ByXPath.findElement(By.java:357)
	at org.openqa.selenium.remote.RemoteWebDriver.findElement(RemoteWebDriver.java:344)
	at org.openqa.selenium.support.pagefactory.DefaultElementLocator.findElement(DefaultElementLocator.java:59)
	at org.openqa.selenium.support.pagefactory.internal.LocatingElementHandler.invoke(LocatingElementHandler.java:37)
	at com.sun.proxy.$Proxy11.click(Unknown Source)
	at com.np.TestCases.SalesRepSuite.CreateNewSalesRep.CreateNewSalesRepTest(CreateNewSalesRep.java:80)
Caused by: org.openqa.selenium.NoSuchElementException: Unable to locate element: {&quot;method&quot;:&quot;xpath&quot;,&quot;selector&quot;:&quot;//div[@class=&apos;hbt&apos;][contains(.,&apos;Customers&apos;)]&quot;}
For documentation on this error, please visit: http://seleniumhq.org/exceptions/no_such_element.html
Build info: version: &apos;2.45.0&apos;, revision: &apos;5017cb8&apos;, time: &apos;2015-02-26 23:59:50&apos;
System info: host: &apos;BLRW3003911&apos;, ip: &apos;10.205.35.56&apos;, os.name: &apos;Windows 7&apos;, os.arch: &apos;amd64&apos;, os.version: &apos;6.1&apos;, java.version: &apos;1.7.0_17&apos;
Driver info: driver.version: unknown
	at &lt;anonymous class&gt;.FirefoxDriver.prototype.findElementInternal_(file:///C:/Users/spoojary/AppData/Local/Temp/anonymous7174115822765402973webdriver-profile/extensions/fxdriver@googlecode.com/components/driver-component.js:10271)
	at &lt;anonymous class&gt;.fxdriver.Timer.prototype.setTimeout/&lt;.notify(file:///C:/Users/spoojary/AppData/Local/Temp/anonymous7174115822765402973webdriver-profile/extensions/fxdriver@googlecode.com/components/driver-component.js:603)
... Removed 28 stack frames</div></td></tr></table><p class="totop"><a href="#summary">back to summary</a></p></body></html>