<html xmlns:math="http://exslt.org/math" xmlns:testng="http://testng.org">
   <head>
      <title>TestNG Results</title>
      <meta http-equiv="content-type" content="text/html; charset=utf-8"></meta>
      <meta http-equiv="pragma" content="no-cache"></meta>
      <meta http-equiv="cache-control" content="max-age=0"></meta>
      <meta http-equiv="cache-control" content="no-cache"></meta>
      <meta http-equiv="cache-control" content="no-store"></meta>
      <LINK rel="stylesheet" href="style.css"></LINK>
      <script type="text/javascript" src="main.js"></script>
   </head>
   <body>
      <table width="100%" style="font-size: 16px; margin-bottom: 10px;" cellspacing="1">
         <tr>
            <td width="100%">
               All methods in suite
               
               <b>SuiteOne</b>
            </td>
            <td style="background-color: #FFBBBB; padding: 3px 3px 3px 0;" align="center">
               <div style="width: 50px;">1</div>
            </td>
            <td style="background-color: lightgreen; padding: 3px 3px 3px 0;" align="center">
               <div style="width: 50px;">1</div>
            </td>
            <td style="background-color: #FFFFBB; padding: 3px 3px 3px 0;" align="center">
               <div style="width: 50px;">2</div>
            </td>
            <td align="center" style="background-color: #eaf0f7; padding: 3px 3px 3px 0;">
               <div style="width: 50px;">4</div>
            </td>
            <td align="center"
                style="font-weight: bold; background-color: #eaf0f7; padding: 3px 3px 3px 0;">
               <div style="width: 50px;">25%</div>
            </td>
            <td style="background-color: #eaf0f7; padding: 3px 3px 3px 0;" align="center"
                nowrap="true">1m
               9s
               
            </td>
         </tr>
      </table>
      <div style="width: 200px;">
         <label for="groupMethodsCheckBox" style="font-weight: bold; margin: 0;">
            <input id="groupMethodsCheckBox" type="checkbox" onclick="switchTestMethodsView(this)"></input>
            Group by class
            
         </label>
         <br></br>
         <label for="methodsFilter_ALL" style="font-weight: bold; margin: 0;">
            <input id="methodsFilter_ALL" type="checkbox"
                   onclick="testMethodsFilterChanged(this, 'ALL')"></input>
            All
            
         </label>
      </div>
      <label for="methodsFilter_FAIL" style="margin-left: 20px;">
         <input id="methodsFilter_FAIL" type="checkbox"
                onclick="testMethodsFilterChanged(this, 'FAIL')"
                checked=""></input>
         Failed
         
      </label>
      <label for="methodsFilter_PASS">
         <input id="methodsFilter_PASS" type="checkbox"
                onclick="testMethodsFilterChanged(this, 'PASS')"
                checked=""></input>
         Passed
         
      </label>
      <label for="methodsFilter_SKIP">
         <input id="methodsFilter_SKIP" type="checkbox"
                onclick="testMethodsFilterChanged(this, 'SKIP')"
                checked=""></input>
         Skipped
         
      </label>
      <label for="methodsFilter_CONF">
         <input id="methodsFilter_CONF" type="checkbox"
                onclick="testMethodsFilterChanged(this, 'CONF')"></input>
         Config
         
      </label>
      <br></br>
      <div id="testMethodsByStatus">
         <table class="testMethodsTable" cellpadding="0" cellspacing="0">
            <tr class="methodsTableHeader">
               <td width="100%">Name</td>
               <td nowrap="true">Started</td>
               <td nowrap="true">Duration</td>
               <td>Exception</td>
            </tr>
            <tr id="com.np.TestCases.SuiteOne.SuiteOneCaseOne_SuiteOneCaseOneTest_byStatus_failed_FAIL1_row"
                class="testMethodStatusFAIL">
               <td width="100%" class="firstMethodCell">
                  <a onclick="toggleDetailsVisibility('com.np.TestCases.SuiteOne.SuiteOneCaseOne_SuiteOneCaseOneTest_byStatus_failed_FAIL1_details')">SuiteOneCaseOneTest(3
                     
                     ,
                     
                     7
                     
                     ,
                     
                     3
                     
                     ,
                     
                     13)
                  </a>
               </td>
               <td nowrap="true">14:44:16</td>
               <td nowrap="true" align="right">26 ms
                  
               </td>
               <td nowrap="true">
                  <a onclick="toggleDetailsVisibility('com.np.TestCases.SuiteOne.SuiteOneCaseOne_SuiteOneCaseOneTest_byStatus_failed_FAIL1_exception')">java.lang.AssertionError: 
                     The following asserts failed:
                     null
                     
                  </a>
                   
                  
               </td>
            </tr>
            <tr>
               <td colspan="4" class="detailsBox">
                  <div id="com.np.TestCases.SuiteOne.SuiteOneCaseOne_SuiteOneCaseOneTest_byStatus_failed_FAIL1_details"
                       class="testMethodDetails">
                     <div>
                        <b>Name: </b>SuiteOneCaseOneTest
                     </div>
                     <div>
                        <b>Signature: </b>SuiteOneCaseOneTest(java.lang.String, java.lang.String, java.lang.String, java.lang.String)[pri:0, instance:com.np.TestCases.SuiteOne.SuiteOneCaseOne@13e55db]
                     </div>
                     <div>
                        <b>Parameters: </b>
                        
                        3
                        
                        ,
                        
                        7
                        
                        ,
                        
                        3
                        
                        ,
                        
                        13
                        
                        
                     </div>
                     <div>
                        <b>Start time: </b>14:44:16
                     </div>
                     <div>
                        <b>End time: </b>14:44:16
                     </div>
                     <div>
                        <b>Duration: </b>26 ms
                        
                     </div>
                  </div>
               </td>
            </tr>
            <tr>
               <td colspan="4" class="detailsBox">
                  <div id="com.np.TestCases.SuiteOne.SuiteOneCaseOne_SuiteOneCaseOneTest_byStatus_failed_FAIL1_exception"
                       class="testMethodDetails">
                     <pre style="padding: 5px; margin: 0;">java.lang.AssertionError: The following asserts failed:
                        null
                        	at org.testng.asserts.SoftAssert.assertAll(SoftAssert.java:38)
                        	at com.np.TestCases.SuiteOne.SuiteOneCaseOne.SuiteOneCaseOneTest(SuiteOneCaseOne.java:139)
                        	at sun.reflect.NativeMethodAccessorImpl.invoke0(Native Method)
                        	at sun.reflect.NativeMethodAccessorImpl.invoke(Unknown Source)
                        	at sun.reflect.DelegatingMethodAccessorImpl.invoke(Unknown Source)
                        	at java.lang.reflect.Method.invoke(Unknown Source)
                        	at org.testng.internal.MethodInvocationHelper.invokeMethod(MethodInvocationHelper.java:84)
                        	at org.testng.internal.Invoker.invokeMethod(Invoker.java:714)
                        	at org.testng.internal.Invoker.invokeTestMethod(Invoker.java:901)
                        	at org.testng.internal.Invoker.invokeTestMethods(Invoker.java:1231)
                        	at org.testng.internal.TestMethodWorker.invokeTestMethods(TestMethodWorker.java:127)
                        	at org.testng.internal.TestMethodWorker.run(TestMethodWorker.java:111)
                        	at org.testng.TestRunner.privateRun(TestRunner.java:767)
                        	at org.testng.TestRunner.run(TestRunner.java:617)
                        	at org.testng.SuiteRunner.runTest(SuiteRunner.java:334)
                        	at org.testng.SuiteRunner.runSequentially(SuiteRunner.java:329)
                        	at org.testng.SuiteRunner.privateRun(SuiteRunner.java:291)
                        	at org.testng.SuiteRunner.run(SuiteRunner.java:240)
                        	at org.testng.SuiteRunnerWorker.runSuite(SuiteRunnerWorker.java:52)
                        	at org.testng.SuiteRunnerWorker.run(SuiteRunnerWorker.java:86)
                        	at org.testng.TestNG.runSuitesSequentially(TestNG.java:1224)
                        	at org.testng.TestNG.runSuitesSequentially(TestNG.java:1220)
                        	at org.testng.TestNG.runSuitesLocally(TestNG.java:1149)
                        	at org.testng.TestNG.run(TestNG.java:1057)
                        	at org.testng.remote.RemoteTestNG.run(RemoteTestNG.java:111)
                        	at org.testng.remote.RemoteTestNG.initAndRun(RemoteTestNG.java:204)
                        	at org.testng.remote.RemoteTestNG.main(RemoteTestNG.java:175)
                     </pre>
                  </div>
               </td>
            </tr>
            <tr id="com.np.TestCases.SuiteOne.SuiteOneCaseOne_checkCaseToRun_byStatus_passed_PASS1_row"
                class="testMethodStatusPASS testMethodStatusCONF">
               <td width="100%" class="firstMethodCell">
                  <a onclick="toggleDetailsVisibility('com.np.TestCases.SuiteOne.SuiteOneCaseOne_checkCaseToRun_byStatus_passed_PASS1_details')">checkCaseToRun()</a>
               </td>
               <td nowrap="true">14:43:07</td>
               <td nowrap="true" align="right">23 ms
                  
               </td>
               <td nowrap="true">
                   
                  
               </td>
            </tr>
            <tr>
               <td colspan="4" class="detailsBox">
                  <div id="com.np.TestCases.SuiteOne.SuiteOneCaseOne_checkCaseToRun_byStatus_passed_PASS1_details"
                       class="testMethodDetails">
                     <div>
                        <b>Name: </b>checkCaseToRun
                     </div>
                     <div>
                        <b>Signature: </b>checkCaseToRun()[pri:0, instance:com.np.TestCases.SuiteOne.SuiteOneCaseOne@13e55db]
                     </div>
                     <div>
                        <b>Start time: </b>14:43:07
                     </div>
                     <div>
                        <b>End time: </b>14:43:07
                     </div>
                     <div>
                        <b>Duration: </b>23 ms
                        
                     </div>
                  </div>
               </td>
            </tr>
            <tr></tr>
            <tr id="com.np.TestCases.SuiteOne.SuiteOneCaseOne_SuiteOneCaseOneTest_byStatus_passed_PASS2_row"
                class="testMethodStatusPASS">
               <td width="100%" class="firstMethodCell">
                  <a onclick="toggleDetailsVisibility('com.np.TestCases.SuiteOne.SuiteOneCaseOne_SuiteOneCaseOneTest_byStatus_passed_PASS2_details')">SuiteOneCaseOneTest(9
                     
                     ,
                     
                     5
                     
                     ,
                     
                     7
                     
                     ,
                     
                     21)
                  </a>
               </td>
               <td nowrap="true">14:43:07</td>
               <td nowrap="true" align="right">1m
                  8s
                  
               </td>
               <td nowrap="true">
                   
                  
               </td>
            </tr>
            <tr>
               <td colspan="4" class="detailsBox">
                  <div id="com.np.TestCases.SuiteOne.SuiteOneCaseOne_SuiteOneCaseOneTest_byStatus_passed_PASS2_details"
                       class="testMethodDetails">
                     <div>
                        <b>Name: </b>SuiteOneCaseOneTest
                     </div>
                     <div>
                        <b>Signature: </b>SuiteOneCaseOneTest(java.lang.String, java.lang.String, java.lang.String, java.lang.String)[pri:0, instance:com.np.TestCases.SuiteOne.SuiteOneCaseOne@13e55db]
                     </div>
                     <div>
                        <b>Parameters: </b>
                        
                        9
                        
                        ,
                        
                        5
                        
                        ,
                        
                        7
                        
                        ,
                        
                        21
                        
                        
                     </div>
                     <div>
                        <b>Start time: </b>14:43:07
                     </div>
                     <div>
                        <b>End time: </b>14:44:16
                     </div>
                     <div>
                        <b>Duration: </b>1m
                        8s
                        
                     </div>
                  </div>
               </td>
            </tr>
            <tr></tr>
            <tr id="com.np.TestCases.SuiteOne.SuiteOneCaseOne_reporterDataResults_byStatus_passed_PASS3_row"
                class="testMethodStatusPASS testMethodStatusCONF">
               <td width="100%" class="firstMethodCell">
                  <a onclick="toggleDetailsVisibility('com.np.TestCases.SuiteOne.SuiteOneCaseOne_reporterDataResults_byStatus_passed_PASS3_details')">reporterDataResults()</a>
               </td>
               <td nowrap="true">14:44:16</td>
               <td nowrap="true" align="right">6 ms
                  
               </td>
               <td nowrap="true">
                   
                  
               </td>
            </tr>
            <tr>
               <td colspan="4" class="detailsBox">
                  <div id="com.np.TestCases.SuiteOne.SuiteOneCaseOne_reporterDataResults_byStatus_passed_PASS3_details"
                       class="testMethodDetails">
                     <div>
                        <b>Name: </b>reporterDataResults
                     </div>
                     <div>
                        <b>Signature: </b>reporterDataResults()[pri:0, instance:com.np.TestCases.SuiteOne.SuiteOneCaseOne@13e55db]
                     </div>
                     <div>
                        <b>Start time: </b>14:44:16
                     </div>
                     <div>
                        <b>End time: </b>14:44:16
                     </div>
                     <div>
                        <b>Duration: </b>6 ms
                        
                     </div>
                  </div>
               </td>
            </tr>
            <tr></tr>
            <tr id="com.np.TestCases.SuiteOne.SuiteOneCaseOne_reporterDataResults_byStatus_passed_PASS4_row"
                class="testMethodStatusPASS testMethodStatusCONF">
               <td width="100%" class="firstMethodCell">
                  <a onclick="toggleDetailsVisibility('com.np.TestCases.SuiteOne.SuiteOneCaseOne_reporterDataResults_byStatus_passed_PASS4_details')">reporterDataResults()</a>
               </td>
               <td nowrap="true">14:44:16</td>
               <td nowrap="true" align="right">5 ms
                  
               </td>
               <td nowrap="true">
                   
                  
               </td>
            </tr>
            <tr>
               <td colspan="4" class="detailsBox">
                  <div id="com.np.TestCases.SuiteOne.SuiteOneCaseOne_reporterDataResults_byStatus_passed_PASS4_details"
                       class="testMethodDetails">
                     <div>
                        <b>Name: </b>reporterDataResults
                     </div>
                     <div>
                        <b>Signature: </b>reporterDataResults()[pri:0, instance:com.np.TestCases.SuiteOne.SuiteOneCaseOne@13e55db]
                     </div>
                     <div>
                        <b>Start time: </b>14:44:16
                     </div>
                     <div>
                        <b>End time: </b>14:44:16
                     </div>
                     <div>
                        <b>Duration: </b>5 ms
                        
                     </div>
                  </div>
               </td>
            </tr>
            <tr></tr>
            <tr id="com.np.TestCases.SuiteOne.SuiteOneCaseOne_closeBrowser_byStatus_passed_PASS5_row"
                class="testMethodStatusPASS testMethodStatusCONF">
               <td width="100%" class="firstMethodCell">
                  <a onclick="toggleDetailsVisibility('com.np.TestCases.SuiteOne.SuiteOneCaseOne_closeBrowser_byStatus_passed_PASS5_details')">closeBrowser()</a>
               </td>
               <td nowrap="true">14:44:16</td>
               <td nowrap="true" align="right">78 ms
                  
               </td>
               <td nowrap="true">
                   
                  
               </td>
            </tr>
            <tr>
               <td colspan="4" class="detailsBox">
                  <div id="com.np.TestCases.SuiteOne.SuiteOneCaseOne_closeBrowser_byStatus_passed_PASS5_details"
                       class="testMethodDetails">
                     <div>
                        <b>Name: </b>closeBrowser
                     </div>
                     <div>
                        <b>Signature: </b>closeBrowser()[pri:0, instance:com.np.TestCases.SuiteOne.SuiteOneCaseOne@13e55db]
                     </div>
                     <div>
                        <b>Start time: </b>14:44:16
                     </div>
                     <div>
                        <b>End time: </b>14:44:16
                     </div>
                     <div>
                        <b>Duration: </b>78 ms
                        
                     </div>
                  </div>
               </td>
            </tr>
            <tr></tr>
            <tr id="com.np.TestCases.SuiteOne.SuiteOneCaseTwo_checkSuiteToRun_byStatus_passed_PASS6_row"
                class="testMethodStatusPASS testMethodStatusCONF">
               <td width="100%" class="firstMethodCell">
                  <a onclick="toggleDetailsVisibility('com.np.TestCases.SuiteOne.SuiteOneCaseTwo_checkSuiteToRun_byStatus_passed_PASS6_details')">checkSuiteToRun()</a>
               </td>
               <td nowrap="true">14:43:07</td>
               <td nowrap="true" align="right">389 ms
                  
               </td>
               <td nowrap="true">
                   
                  
               </td>
            </tr>
            <tr>
               <td colspan="4" class="detailsBox">
                  <div id="com.np.TestCases.SuiteOne.SuiteOneCaseTwo_checkSuiteToRun_byStatus_passed_PASS6_details"
                       class="testMethodDetails">
                     <div>
                        <b>Name: </b>checkSuiteToRun
                     </div>
                     <div>
                        <b>Signature: </b>checkSuiteToRun()[pri:0, instance:com.np.TestCases.SuiteOne.SuiteOneCaseTwo@1c24b45]
                     </div>
                     <div>
                        <b>Start time: </b>14:43:07
                     </div>
                     <div>
                        <b>End time: </b>14:43:07
                     </div>
                     <div>
                        <b>Duration: </b>389 ms
                        
                     </div>
                  </div>
               </td>
            </tr>
            <tr></tr>
            <tr id="com.np.TestCases.SuiteOne.SuiteOneCaseTwo_checkCaseToRun_byStatus_skiped_SKIP1_row"
                class="testMethodStatusSKIP testMethodStatusCONF">
               <td width="100%" class="firstMethodCell">
                  <a onclick="toggleDetailsVisibility('com.np.TestCases.SuiteOne.SuiteOneCaseTwo_checkCaseToRun_byStatus_skiped_SKIP1_details')">checkCaseToRun()</a>
               </td>
               <td nowrap="true">14:44:16</td>
               <td nowrap="true" align="right">0 ms
                  
               </td>
               <td nowrap="true">
                  <a onclick="toggleDetailsVisibility('com.np.TestCases.SuiteOne.SuiteOneCaseTwo_checkCaseToRun_byStatus_skiped_SKIP1_exception')">org.testng.SkipException: 
                     SuiteOneCaseTwo's CaseToRun Flag Is 'N' Or Blank. So Skipping Execution Of SuiteOneCaseTwo
                     
                  </a>
                   
                  
               </td>
            </tr>
            <tr>
               <td colspan="4" class="detailsBox">
                  <div id="com.np.TestCases.SuiteOne.SuiteOneCaseTwo_checkCaseToRun_byStatus_skiped_SKIP1_details"
                       class="testMethodDetails">
                     <div>
                        <b>Name: </b>checkCaseToRun
                     </div>
                     <div>
                        <b>Signature: </b>checkCaseToRun()[pri:0, instance:com.np.TestCases.SuiteOne.SuiteOneCaseTwo@1c24b45]
                     </div>
                     <div>
                        <b>Start time: </b>14:44:16
                     </div>
                     <div>
                        <b>End time: </b>14:44:16
                     </div>
                     <div>
                        <b>Duration: </b>0 ms
                        
                     </div>
                  </div>
               </td>
            </tr>
            <tr>
               <td colspan="4" class="detailsBox">
                  <div id="com.np.TestCases.SuiteOne.SuiteOneCaseTwo_checkCaseToRun_byStatus_skiped_SKIP1_exception"
                       class="testMethodDetails">
                     <pre style="padding: 5px; margin: 0;">org.testng.SkipException: SuiteOneCaseTwo's CaseToRun Flag Is 'N' Or Blank. So Skipping Execution Of SuiteOneCaseTwo
                        	at com.np.TestCases.SuiteOne.SuiteOneCaseTwo.checkCaseToRun(SuiteOneCaseTwo.java:51)
                        	at sun.reflect.NativeMethodAccessorImpl.invoke0(Native Method)
                        	at sun.reflect.NativeMethodAccessorImpl.invoke(Unknown Source)
                        	at sun.reflect.DelegatingMethodAccessorImpl.invoke(Unknown Source)
                        	at java.lang.reflect.Method.invoke(Unknown Source)
                        	at org.testng.internal.MethodInvocationHelper.invokeMethod(MethodInvocationHelper.java:84)
                        	at org.testng.internal.Invoker.invokeConfigurationMethod(Invoker.java:564)
                        	at org.testng.internal.Invoker.invokeConfigurations(Invoker.java:213)
                        	at org.testng.internal.Invoker.invokeConfigurations(Invoker.java:138)
                        	at org.testng.TestRunner.beforeRun(TestRunner.java:641)
                        	at org.testng.TestRunner.run(TestRunner.java:609)
                        	at org.testng.SuiteRunner.runTest(SuiteRunner.java:334)
                        	at org.testng.SuiteRunner.runSequentially(SuiteRunner.java:329)
                        	at org.testng.SuiteRunner.privateRun(SuiteRunner.java:291)
                        	at org.testng.SuiteRunner.run(SuiteRunner.java:240)
                        	at org.testng.SuiteRunnerWorker.runSuite(SuiteRunnerWorker.java:52)
                        	at org.testng.SuiteRunnerWorker.run(SuiteRunnerWorker.java:86)
                        	at org.testng.TestNG.runSuitesSequentially(TestNG.java:1224)
                        	at org.testng.TestNG.runSuitesSequentially(TestNG.java:1220)
                        	at org.testng.TestNG.runSuitesLocally(TestNG.java:1149)
                        	at org.testng.TestNG.run(TestNG.java:1057)
                        	at org.testng.remote.RemoteTestNG.run(RemoteTestNG.java:111)
                        	at org.testng.remote.RemoteTestNG.initAndRun(RemoteTestNG.java:204)
                        	at org.testng.remote.RemoteTestNG.main(RemoteTestNG.java:175)
                     </pre>
                  </div>
               </td>
            </tr>
            <tr id="com.np.TestCases.SuiteOne.SuiteOneCaseTwo_SuiteOneCaseTwoTest_byStatus_skiped_SKIP2_row"
                class="testMethodStatusSKIP">
               <td width="100%" class="firstMethodCell">
                  <a onclick="toggleDetailsVisibility('com.np.TestCases.SuiteOne.SuiteOneCaseTwo_SuiteOneCaseTwoTest_byStatus_skiped_SKIP2_details')">SuiteOneCaseTwoTest(9
                     
                     ,
                     
                     3
                     
                     ,
                     
                     2
                     
                     ,
                     
                     4)
                  </a>
               </td>
               <td nowrap="true">14:44:16</td>
               <td nowrap="true" align="right">15 ms
                  
               </td>
               <td nowrap="true">
                   
                  
               </td>
            </tr>
            <tr>
               <td colspan="4" class="detailsBox">
                  <div id="com.np.TestCases.SuiteOne.SuiteOneCaseTwo_SuiteOneCaseTwoTest_byStatus_skiped_SKIP2_details"
                       class="testMethodDetails">
                     <div>
                        <b>Name: </b>SuiteOneCaseTwoTest
                     </div>
                     <div>
                        <b>Signature: </b>SuiteOneCaseTwoTest(java.lang.String, java.lang.String, java.lang.String, java.lang.String)[pri:0, instance:com.np.TestCases.SuiteOne.SuiteOneCaseTwo@1c24b45]
                     </div>
                     <div>
                        <b>Parameters: </b>
                        
                        9
                        
                        ,
                        
                        3
                        
                        ,
                        
                        2
                        
                        ,
                        
                        4
                        
                        
                     </div>
                     <div>
                        <b>Start time: </b>14:44:16
                     </div>
                     <div>
                        <b>End time: </b>14:44:16
                     </div>
                     <div>
                        <b>Duration: </b>15 ms
                        
                     </div>
                  </div>
               </td>
            </tr>
            <tr></tr>
            <tr id="com.np.TestCases.SuiteOne.SuiteOneCaseTwo_reporterDataResults_byStatus_skiped_SKIP3_row"
                class="testMethodStatusSKIP testMethodStatusCONF">
               <td width="100%" class="firstMethodCell">
                  <a onclick="toggleDetailsVisibility('com.np.TestCases.SuiteOne.SuiteOneCaseTwo_reporterDataResults_byStatus_skiped_SKIP3_details')">reporterDataResults()</a>
               </td>
               <td nowrap="true">14:44:16</td>
               <td nowrap="true" align="right">0 ms
                  
               </td>
               <td nowrap="true">
                   
                  
               </td>
            </tr>
            <tr>
               <td colspan="4" class="detailsBox">
                  <div id="com.np.TestCases.SuiteOne.SuiteOneCaseTwo_reporterDataResults_byStatus_skiped_SKIP3_details"
                       class="testMethodDetails">
                     <div>
                        <b>Name: </b>reporterDataResults
                     </div>
                     <div>
                        <b>Signature: </b>reporterDataResults()[pri:0, instance:com.np.TestCases.SuiteOne.SuiteOneCaseTwo@1c24b45]
                     </div>
                     <div>
                        <b>Start time: </b>14:44:16
                     </div>
                     <div>
                        <b>End time: </b>14:44:16
                     </div>
                     <div>
                        <b>Duration: </b>0 ms
                        
                     </div>
                  </div>
               </td>
            </tr>
            <tr></tr>
            <tr id="com.np.TestCases.SuiteOne.SuiteOneCaseTwo_SuiteOneCaseTwoTest_byStatus_skiped_SKIP4_row"
                class="testMethodStatusSKIP">
               <td width="100%" class="firstMethodCell">
                  <a onclick="toggleDetailsVisibility('com.np.TestCases.SuiteOne.SuiteOneCaseTwo_SuiteOneCaseTwoTest_byStatus_skiped_SKIP4_details')">SuiteOneCaseTwoTest(4
                     
                     ,
                     
                     2
                     
                     ,
                     
                     5
                     
                     ,
                     
                     -3)
                  </a>
               </td>
               <td nowrap="true">14:44:16</td>
               <td nowrap="true" align="right">9 ms
                  
               </td>
               <td nowrap="true">
                   
                  
               </td>
            </tr>
            <tr>
               <td colspan="4" class="detailsBox">
                  <div id="com.np.TestCases.SuiteOne.SuiteOneCaseTwo_SuiteOneCaseTwoTest_byStatus_skiped_SKIP4_details"
                       class="testMethodDetails">
                     <div>
                        <b>Name: </b>SuiteOneCaseTwoTest
                     </div>
                     <div>
                        <b>Signature: </b>SuiteOneCaseTwoTest(java.lang.String, java.lang.String, java.lang.String, java.lang.String)[pri:0, instance:com.np.TestCases.SuiteOne.SuiteOneCaseTwo@1c24b45]
                     </div>
                     <div>
                        <b>Parameters: </b>
                        
                        4
                        
                        ,
                        
                        2
                        
                        ,
                        
                        5
                        
                        ,
                        
                        -3
                        
                        
                     </div>
                     <div>
                        <b>Start time: </b>14:44:16
                     </div>
                     <div>
                        <b>End time: </b>14:44:16
                     </div>
                     <div>
                        <b>Duration: </b>9 ms
                        
                     </div>
                  </div>
               </td>
            </tr>
            <tr></tr>
            <tr id="com.np.TestCases.SuiteOne.SuiteOneCaseTwo_reporterDataResults_byStatus_skiped_SKIP5_row"
                class="testMethodStatusSKIP testMethodStatusCONF">
               <td width="100%" class="firstMethodCell">
                  <a onclick="toggleDetailsVisibility('com.np.TestCases.SuiteOne.SuiteOneCaseTwo_reporterDataResults_byStatus_skiped_SKIP5_details')">reporterDataResults()</a>
               </td>
               <td nowrap="true">14:44:16</td>
               <td nowrap="true" align="right">0 ms
                  
               </td>
               <td nowrap="true">
                   
                  
               </td>
            </tr>
            <tr>
               <td colspan="4" class="detailsBox">
                  <div id="com.np.TestCases.SuiteOne.SuiteOneCaseTwo_reporterDataResults_byStatus_skiped_SKIP5_details"
                       class="testMethodDetails">
                     <div>
                        <b>Name: </b>reporterDataResults
                     </div>
                     <div>
                        <b>Signature: </b>reporterDataResults()[pri:0, instance:com.np.TestCases.SuiteOne.SuiteOneCaseTwo@1c24b45]
                     </div>
                     <div>
                        <b>Start time: </b>14:44:16
                     </div>
                     <div>
                        <b>End time: </b>14:44:16
                     </div>
                     <div>
                        <b>Duration: </b>0 ms
                        
                     </div>
                  </div>
               </td>
            </tr>
            <tr></tr>
            <tr id="com.np.TestCases.SuiteOne.SuiteOneCaseTwo_closeBrowser_byStatus_skiped_SKIP6_row"
                class="testMethodStatusSKIP testMethodStatusCONF">
               <td width="100%" class="firstMethodCell">
                  <a onclick="toggleDetailsVisibility('com.np.TestCases.SuiteOne.SuiteOneCaseTwo_closeBrowser_byStatus_skiped_SKIP6_details')">closeBrowser()</a>
               </td>
               <td nowrap="true">14:44:16</td>
               <td nowrap="true" align="right">0 ms
                  
               </td>
               <td nowrap="true">
                   
                  
               </td>
            </tr>
            <tr>
               <td colspan="4" class="detailsBox">
                  <div id="com.np.TestCases.SuiteOne.SuiteOneCaseTwo_closeBrowser_byStatus_skiped_SKIP6_details"
                       class="testMethodDetails">
                     <div>
                        <b>Name: </b>closeBrowser
                     </div>
                     <div>
                        <b>Signature: </b>closeBrowser()[pri:0, instance:com.np.TestCases.SuiteOne.SuiteOneCaseTwo@1c24b45]
                     </div>
                     <div>
                        <b>Start time: </b>14:44:16
                     </div>
                     <div>
                        <b>End time: </b>14:44:16
                     </div>
                     <div>
                        <b>Duration: </b>0 ms
                        
                     </div>
                  </div>
               </td>
            </tr>
            <tr></tr>
         </table>
      </div>
      <div id="testMethodsByClass" style="display: none;">
         <table class="testMethodsTable" cellpadding="0" cellspacing="0">
            <tr>
               <td colspan="4">
                  <h3 style="display: inline;">com.np.TestCases.SuiteOne.SuiteOneCaseOne</h3>
               </td>
            </tr>
            <tr class="methodsTableHeader">
               <td width="100%">Name</td>
               <td nowrap="true">Started</td>
               <td nowrap="true">Duration</td>
               <td>Exception</td>
            </tr>
            <tr id="com.np.TestCases.SuiteOne.SuiteOneCaseOne_checkCaseToRun_byClass_PASS1_row"
                class="testMethodStatusPASS testMethodStatusCONF">
               <td width="100%" class="firstMethodCell">
                  <a onclick="toggleDetailsVisibility('com.np.TestCases.SuiteOne.SuiteOneCaseOne_checkCaseToRun_byClass_PASS1_details')">checkCaseToRun()</a>
               </td>
               <td nowrap="true">14:43:07</td>
               <td nowrap="true" align="right">23 ms
                  
               </td>
               <td nowrap="true">
                   
                  
               </td>
            </tr>
            <tr>
               <td colspan="4" class="detailsBox">
                  <div id="com.np.TestCases.SuiteOne.SuiteOneCaseOne_checkCaseToRun_byClass_PASS1_details"
                       class="testMethodDetails">
                     <div>
                        <b>Name: </b>checkCaseToRun
                     </div>
                     <div>
                        <b>Signature: </b>checkCaseToRun()[pri:0, instance:com.np.TestCases.SuiteOne.SuiteOneCaseOne@13e55db]
                     </div>
                     <div>
                        <b>Start time: </b>14:43:07
                     </div>
                     <div>
                        <b>End time: </b>14:43:07
                     </div>
                     <div>
                        <b>Duration: </b>23 ms
                        
                     </div>
                  </div>
               </td>
            </tr>
            <tr></tr>
            <tr id="com.np.TestCases.SuiteOne.SuiteOneCaseOne_SuiteOneCaseOneTest_byClass_PASS2_row"
                class="testMethodStatusPASS">
               <td width="100%" class="firstMethodCell">
                  <a onclick="toggleDetailsVisibility('com.np.TestCases.SuiteOne.SuiteOneCaseOne_SuiteOneCaseOneTest_byClass_PASS2_details')">SuiteOneCaseOneTest(9
                     
                     ,
                     
                     5
                     
                     ,
                     
                     7
                     
                     ,
                     
                     21)
                  </a>
               </td>
               <td nowrap="true">14:43:07</td>
               <td nowrap="true" align="right">1m
                  8s
                  
               </td>
               <td nowrap="true">
                   
                  
               </td>
            </tr>
            <tr>
               <td colspan="4" class="detailsBox">
                  <div id="com.np.TestCases.SuiteOne.SuiteOneCaseOne_SuiteOneCaseOneTest_byClass_PASS2_details"
                       class="testMethodDetails">
                     <div>
                        <b>Name: </b>SuiteOneCaseOneTest
                     </div>
                     <div>
                        <b>Signature: </b>SuiteOneCaseOneTest(java.lang.String, java.lang.String, java.lang.String, java.lang.String)[pri:0, instance:com.np.TestCases.SuiteOne.SuiteOneCaseOne@13e55db]
                     </div>
                     <div>
                        <b>Parameters: </b>
                        
                        9
                        
                        ,
                        
                        5
                        
                        ,
                        
                        7
                        
                        ,
                        
                        21
                        
                        
                     </div>
                     <div>
                        <b>Start time: </b>14:43:07
                     </div>
                     <div>
                        <b>End time: </b>14:44:16
                     </div>
                     <div>
                        <b>Duration: </b>1m
                        8s
                        
                     </div>
                  </div>
               </td>
            </tr>
            <tr></tr>
            <tr id="com.np.TestCases.SuiteOne.SuiteOneCaseOne_reporterDataResults_byClass_PASS3_row"
                class="testMethodStatusPASS testMethodStatusCONF">
               <td width="100%" class="firstMethodCell">
                  <a onclick="toggleDetailsVisibility('com.np.TestCases.SuiteOne.SuiteOneCaseOne_reporterDataResults_byClass_PASS3_details')">reporterDataResults()</a>
               </td>
               <td nowrap="true">14:44:16</td>
               <td nowrap="true" align="right">6 ms
                  
               </td>
               <td nowrap="true">
                   
                  
               </td>
            </tr>
            <tr>
               <td colspan="4" class="detailsBox">
                  <div id="com.np.TestCases.SuiteOne.SuiteOneCaseOne_reporterDataResults_byClass_PASS3_details"
                       class="testMethodDetails">
                     <div>
                        <b>Name: </b>reporterDataResults
                     </div>
                     <div>
                        <b>Signature: </b>reporterDataResults()[pri:0, instance:com.np.TestCases.SuiteOne.SuiteOneCaseOne@13e55db]
                     </div>
                     <div>
                        <b>Start time: </b>14:44:16
                     </div>
                     <div>
                        <b>End time: </b>14:44:16
                     </div>
                     <div>
                        <b>Duration: </b>6 ms
                        
                     </div>
                  </div>
               </td>
            </tr>
            <tr></tr>
            <tr id="com.np.TestCases.SuiteOne.SuiteOneCaseOne_SuiteOneCaseOneTest_byClass_FAIL4_row"
                class="testMethodStatusFAIL">
               <td width="100%" class="firstMethodCell">
                  <a onclick="toggleDetailsVisibility('com.np.TestCases.SuiteOne.SuiteOneCaseOne_SuiteOneCaseOneTest_byClass_FAIL4_details')">SuiteOneCaseOneTest(3
                     
                     ,
                     
                     7
                     
                     ,
                     
                     3
                     
                     ,
                     
                     13)
                  </a>
               </td>
               <td nowrap="true">14:44:16</td>
               <td nowrap="true" align="right">26 ms
                  
               </td>
               <td nowrap="true">
                  <a onclick="toggleDetailsVisibility('com.np.TestCases.SuiteOne.SuiteOneCaseOne_SuiteOneCaseOneTest_byClass_FAIL4_exception')">java.lang.AssertionError: 
                     The following asserts failed:
                     null
                     
                  </a>
                   
                  
               </td>
            </tr>
            <tr>
               <td colspan="4" class="detailsBox">
                  <div id="com.np.TestCases.SuiteOne.SuiteOneCaseOne_SuiteOneCaseOneTest_byClass_FAIL4_details"
                       class="testMethodDetails">
                     <div>
                        <b>Name: </b>SuiteOneCaseOneTest
                     </div>
                     <div>
                        <b>Signature: </b>SuiteOneCaseOneTest(java.lang.String, java.lang.String, java.lang.String, java.lang.String)[pri:0, instance:com.np.TestCases.SuiteOne.SuiteOneCaseOne@13e55db]
                     </div>
                     <div>
                        <b>Parameters: </b>
                        
                        3
                        
                        ,
                        
                        7
                        
                        ,
                        
                        3
                        
                        ,
                        
                        13
                        
                        
                     </div>
                     <div>
                        <b>Start time: </b>14:44:16
                     </div>
                     <div>
                        <b>End time: </b>14:44:16
                     </div>
                     <div>
                        <b>Duration: </b>26 ms
                        
                     </div>
                  </div>
               </td>
            </tr>
            <tr>
               <td colspan="4" class="detailsBox">
                  <div id="com.np.TestCases.SuiteOne.SuiteOneCaseOne_SuiteOneCaseOneTest_byClass_FAIL4_exception"
                       class="testMethodDetails">
                     <pre style="padding: 5px; margin: 0;">java.lang.AssertionError: The following asserts failed:
                        null
                        	at org.testng.asserts.SoftAssert.assertAll(SoftAssert.java:38)
                        	at com.np.TestCases.SuiteOne.SuiteOneCaseOne.SuiteOneCaseOneTest(SuiteOneCaseOne.java:139)
                        	at sun.reflect.NativeMethodAccessorImpl.invoke0(Native Method)
                        	at sun.reflect.NativeMethodAccessorImpl.invoke(Unknown Source)
                        	at sun.reflect.DelegatingMethodAccessorImpl.invoke(Unknown Source)
                        	at java.lang.reflect.Method.invoke(Unknown Source)
                        	at org.testng.internal.MethodInvocationHelper.invokeMethod(MethodInvocationHelper.java:84)
                        	at org.testng.internal.Invoker.invokeMethod(Invoker.java:714)
                        	at org.testng.internal.Invoker.invokeTestMethod(Invoker.java:901)
                        	at org.testng.internal.Invoker.invokeTestMethods(Invoker.java:1231)
                        	at org.testng.internal.TestMethodWorker.invokeTestMethods(TestMethodWorker.java:127)
                        	at org.testng.internal.TestMethodWorker.run(TestMethodWorker.java:111)
                        	at org.testng.TestRunner.privateRun(TestRunner.java:767)
                        	at org.testng.TestRunner.run(TestRunner.java:617)
                        	at org.testng.SuiteRunner.runTest(SuiteRunner.java:334)
                        	at org.testng.SuiteRunner.runSequentially(SuiteRunner.java:329)
                        	at org.testng.SuiteRunner.privateRun(SuiteRunner.java:291)
                        	at org.testng.SuiteRunner.run(SuiteRunner.java:240)
                        	at org.testng.SuiteRunnerWorker.runSuite(SuiteRunnerWorker.java:52)
                        	at org.testng.SuiteRunnerWorker.run(SuiteRunnerWorker.java:86)
                        	at org.testng.TestNG.runSuitesSequentially(TestNG.java:1224)
                        	at org.testng.TestNG.runSuitesSequentially(TestNG.java:1220)
                        	at org.testng.TestNG.runSuitesLocally(TestNG.java:1149)
                        	at org.testng.TestNG.run(TestNG.java:1057)
                        	at org.testng.remote.RemoteTestNG.run(RemoteTestNG.java:111)
                        	at org.testng.remote.RemoteTestNG.initAndRun(RemoteTestNG.java:204)
                        	at org.testng.remote.RemoteTestNG.main(RemoteTestNG.java:175)
                     </pre>
                  </div>
               </td>
            </tr>
            <tr id="com.np.TestCases.SuiteOne.SuiteOneCaseOne_reporterDataResults_byClass_PASS5_row"
                class="testMethodStatusPASS testMethodStatusCONF">
               <td width="100%" class="firstMethodCell">
                  <a onclick="toggleDetailsVisibility('com.np.TestCases.SuiteOne.SuiteOneCaseOne_reporterDataResults_byClass_PASS5_details')">reporterDataResults()</a>
               </td>
               <td nowrap="true">14:44:16</td>
               <td nowrap="true" align="right">5 ms
                  
               </td>
               <td nowrap="true">
                   
                  
               </td>
            </tr>
            <tr>
               <td colspan="4" class="detailsBox">
                  <div id="com.np.TestCases.SuiteOne.SuiteOneCaseOne_reporterDataResults_byClass_PASS5_details"
                       class="testMethodDetails">
                     <div>
                        <b>Name: </b>reporterDataResults
                     </div>
                     <div>
                        <b>Signature: </b>reporterDataResults()[pri:0, instance:com.np.TestCases.SuiteOne.SuiteOneCaseOne@13e55db]
                     </div>
                     <div>
                        <b>Start time: </b>14:44:16
                     </div>
                     <div>
                        <b>End time: </b>14:44:16
                     </div>
                     <div>
                        <b>Duration: </b>5 ms
                        
                     </div>
                  </div>
               </td>
            </tr>
            <tr></tr>
            <tr id="com.np.TestCases.SuiteOne.SuiteOneCaseOne_closeBrowser_byClass_PASS6_row"
                class="testMethodStatusPASS testMethodStatusCONF">
               <td width="100%" class="firstMethodCell">
                  <a onclick="toggleDetailsVisibility('com.np.TestCases.SuiteOne.SuiteOneCaseOne_closeBrowser_byClass_PASS6_details')">closeBrowser()</a>
               </td>
               <td nowrap="true">14:44:16</td>
               <td nowrap="true" align="right">78 ms
                  
               </td>
               <td nowrap="true">
                   
                  
               </td>
            </tr>
            <tr>
               <td colspan="4" class="detailsBox">
                  <div id="com.np.TestCases.SuiteOne.SuiteOneCaseOne_closeBrowser_byClass_PASS6_details"
                       class="testMethodDetails">
                     <div>
                        <b>Name: </b>closeBrowser
                     </div>
                     <div>
                        <b>Signature: </b>closeBrowser()[pri:0, instance:com.np.TestCases.SuiteOne.SuiteOneCaseOne@13e55db]
                     </div>
                     <div>
                        <b>Start time: </b>14:44:16
                     </div>
                     <div>
                        <b>End time: </b>14:44:16
                     </div>
                     <div>
                        <b>Duration: </b>78 ms
                        
                     </div>
                  </div>
               </td>
            </tr>
            <tr></tr>
         </table>
         <br></br>
         <table class="testMethodsTable" cellpadding="0" cellspacing="0">
            <tr>
               <td colspan="4">
                  <h3 style="display: inline;">com.np.TestCases.SuiteOne.SuiteOneCaseTwo</h3>
               </td>
            </tr>
            <tr class="methodsTableHeader">
               <td width="100%">Name</td>
               <td nowrap="true">Started</td>
               <td nowrap="true">Duration</td>
               <td>Exception</td>
            </tr>
            <tr id="com.np.TestCases.SuiteOne.SuiteOneCaseTwo_checkSuiteToRun_byClass_PASS1_row"
                class="testMethodStatusPASS testMethodStatusCONF">
               <td width="100%" class="firstMethodCell">
                  <a onclick="toggleDetailsVisibility('com.np.TestCases.SuiteOne.SuiteOneCaseTwo_checkSuiteToRun_byClass_PASS1_details')">checkSuiteToRun()</a>
               </td>
               <td nowrap="true">14:43:07</td>
               <td nowrap="true" align="right">389 ms
                  
               </td>
               <td nowrap="true">
                   
                  
               </td>
            </tr>
            <tr>
               <td colspan="4" class="detailsBox">
                  <div id="com.np.TestCases.SuiteOne.SuiteOneCaseTwo_checkSuiteToRun_byClass_PASS1_details"
                       class="testMethodDetails">
                     <div>
                        <b>Name: </b>checkSuiteToRun
                     </div>
                     <div>
                        <b>Signature: </b>checkSuiteToRun()[pri:0, instance:com.np.TestCases.SuiteOne.SuiteOneCaseTwo@1c24b45]
                     </div>
                     <div>
                        <b>Start time: </b>14:43:07
                     </div>
                     <div>
                        <b>End time: </b>14:43:07
                     </div>
                     <div>
                        <b>Duration: </b>389 ms
                        
                     </div>
                  </div>
               </td>
            </tr>
            <tr></tr>
            <tr id="com.np.TestCases.SuiteOne.SuiteOneCaseTwo_checkCaseToRun_byClass_SKIP2_row"
                class="testMethodStatusSKIP testMethodStatusCONF">
               <td width="100%" class="firstMethodCell">
                  <a onclick="toggleDetailsVisibility('com.np.TestCases.SuiteOne.SuiteOneCaseTwo_checkCaseToRun_byClass_SKIP2_details')">checkCaseToRun()</a>
               </td>
               <td nowrap="true">14:44:16</td>
               <td nowrap="true" align="right">0 ms
                  
               </td>
               <td nowrap="true">
                  <a onclick="toggleDetailsVisibility('com.np.TestCases.SuiteOne.SuiteOneCaseTwo_checkCaseToRun_byClass_SKIP2_exception')">org.testng.SkipException: 
                     SuiteOneCaseTwo's CaseToRun Flag Is 'N' Or Blank. So Skipping Execution Of SuiteOneCaseTwo
                     
                  </a>
                   
                  
               </td>
            </tr>
            <tr>
               <td colspan="4" class="detailsBox">
                  <div id="com.np.TestCases.SuiteOne.SuiteOneCaseTwo_checkCaseToRun_byClass_SKIP2_details"
                       class="testMethodDetails">
                     <div>
                        <b>Name: </b>checkCaseToRun
                     </div>
                     <div>
                        <b>Signature: </b>checkCaseToRun()[pri:0, instance:com.np.TestCases.SuiteOne.SuiteOneCaseTwo@1c24b45]
                     </div>
                     <div>
                        <b>Start time: </b>14:44:16
                     </div>
                     <div>
                        <b>End time: </b>14:44:16
                     </div>
                     <div>
                        <b>Duration: </b>0 ms
                        
                     </div>
                  </div>
               </td>
            </tr>
            <tr>
               <td colspan="4" class="detailsBox">
                  <div id="com.np.TestCases.SuiteOne.SuiteOneCaseTwo_checkCaseToRun_byClass_SKIP2_exception"
                       class="testMethodDetails">
                     <pre style="padding: 5px; margin: 0;">org.testng.SkipException: SuiteOneCaseTwo's CaseToRun Flag Is 'N' Or Blank. So Skipping Execution Of SuiteOneCaseTwo
                        	at com.np.TestCases.SuiteOne.SuiteOneCaseTwo.checkCaseToRun(SuiteOneCaseTwo.java:51)
                        	at sun.reflect.NativeMethodAccessorImpl.invoke0(Native Method)
                        	at sun.reflect.NativeMethodAccessorImpl.invoke(Unknown Source)
                        	at sun.reflect.DelegatingMethodAccessorImpl.invoke(Unknown Source)
                        	at java.lang.reflect.Method.invoke(Unknown Source)
                        	at org.testng.internal.MethodInvocationHelper.invokeMethod(MethodInvocationHelper.java:84)
                        	at org.testng.internal.Invoker.invokeConfigurationMethod(Invoker.java:564)
                        	at org.testng.internal.Invoker.invokeConfigurations(Invoker.java:213)
                        	at org.testng.internal.Invoker.invokeConfigurations(Invoker.java:138)
                        	at org.testng.TestRunner.beforeRun(TestRunner.java:641)
                        	at org.testng.TestRunner.run(TestRunner.java:609)
                        	at org.testng.SuiteRunner.runTest(SuiteRunner.java:334)
                        	at org.testng.SuiteRunner.runSequentially(SuiteRunner.java:329)
                        	at org.testng.SuiteRunner.privateRun(SuiteRunner.java:291)
                        	at org.testng.SuiteRunner.run(SuiteRunner.java:240)
                        	at org.testng.SuiteRunnerWorker.runSuite(SuiteRunnerWorker.java:52)
                        	at org.testng.SuiteRunnerWorker.run(SuiteRunnerWorker.java:86)
                        	at org.testng.TestNG.runSuitesSequentially(TestNG.java:1224)
                        	at org.testng.TestNG.runSuitesSequentially(TestNG.java:1220)
                        	at org.testng.TestNG.runSuitesLocally(TestNG.java:1149)
                        	at org.testng.TestNG.run(TestNG.java:1057)
                        	at org.testng.remote.RemoteTestNG.run(RemoteTestNG.java:111)
                        	at org.testng.remote.RemoteTestNG.initAndRun(RemoteTestNG.java:204)
                        	at org.testng.remote.RemoteTestNG.main(RemoteTestNG.java:175)
                     </pre>
                  </div>
               </td>
            </tr>
            <tr id="com.np.TestCases.SuiteOne.SuiteOneCaseTwo_SuiteOneCaseTwoTest_byClass_SKIP3_row"
                class="testMethodStatusSKIP">
               <td width="100%" class="firstMethodCell">
                  <a onclick="toggleDetailsVisibility('com.np.TestCases.SuiteOne.SuiteOneCaseTwo_SuiteOneCaseTwoTest_byClass_SKIP3_details')">SuiteOneCaseTwoTest(9
                     
                     ,
                     
                     3
                     
                     ,
                     
                     2
                     
                     ,
                     
                     4)
                  </a>
               </td>
               <td nowrap="true">14:44:16</td>
               <td nowrap="true" align="right">15 ms
                  
               </td>
               <td nowrap="true">
                   
                  
               </td>
            </tr>
            <tr>
               <td colspan="4" class="detailsBox">
                  <div id="com.np.TestCases.SuiteOne.SuiteOneCaseTwo_SuiteOneCaseTwoTest_byClass_SKIP3_details"
                       class="testMethodDetails">
                     <div>
                        <b>Name: </b>SuiteOneCaseTwoTest
                     </div>
                     <div>
                        <b>Signature: </b>SuiteOneCaseTwoTest(java.lang.String, java.lang.String, java.lang.String, java.lang.String)[pri:0, instance:com.np.TestCases.SuiteOne.SuiteOneCaseTwo@1c24b45]
                     </div>
                     <div>
                        <b>Parameters: </b>
                        
                        9
                        
                        ,
                        
                        3
                        
                        ,
                        
                        2
                        
                        ,
                        
                        4
                        
                        
                     </div>
                     <div>
                        <b>Start time: </b>14:44:16
                     </div>
                     <div>
                        <b>End time: </b>14:44:16
                     </div>
                     <div>
                        <b>Duration: </b>15 ms
                        
                     </div>
                  </div>
               </td>
            </tr>
            <tr></tr>
            <tr id="com.np.TestCases.SuiteOne.SuiteOneCaseTwo_reporterDataResults_byClass_SKIP4_row"
                class="testMethodStatusSKIP testMethodStatusCONF">
               <td width="100%" class="firstMethodCell">
                  <a onclick="toggleDetailsVisibility('com.np.TestCases.SuiteOne.SuiteOneCaseTwo_reporterDataResults_byClass_SKIP4_details')">reporterDataResults()</a>
               </td>
               <td nowrap="true">14:44:16</td>
               <td nowrap="true" align="right">0 ms
                  
               </td>
               <td nowrap="true">
                   
                  
               </td>
            </tr>
            <tr>
               <td colspan="4" class="detailsBox">
                  <div id="com.np.TestCases.SuiteOne.SuiteOneCaseTwo_reporterDataResults_byClass_SKIP4_details"
                       class="testMethodDetails">
                     <div>
                        <b>Name: </b>reporterDataResults
                     </div>
                     <div>
                        <b>Signature: </b>reporterDataResults()[pri:0, instance:com.np.TestCases.SuiteOne.SuiteOneCaseTwo@1c24b45]
                     </div>
                     <div>
                        <b>Start time: </b>14:44:16
                     </div>
                     <div>
                        <b>End time: </b>14:44:16
                     </div>
                     <div>
                        <b>Duration: </b>0 ms
                        
                     </div>
                  </div>
               </td>
            </tr>
            <tr></tr>
            <tr id="com.np.TestCases.SuiteOne.SuiteOneCaseTwo_SuiteOneCaseTwoTest_byClass_SKIP5_row"
                class="testMethodStatusSKIP">
               <td width="100%" class="firstMethodCell">
                  <a onclick="toggleDetailsVisibility('com.np.TestCases.SuiteOne.SuiteOneCaseTwo_SuiteOneCaseTwoTest_byClass_SKIP5_details')">SuiteOneCaseTwoTest(4
                     
                     ,
                     
                     2
                     
                     ,
                     
                     5
                     
                     ,
                     
                     -3)
                  </a>
               </td>
               <td nowrap="true">14:44:16</td>
               <td nowrap="true" align="right">9 ms
                  
               </td>
               <td nowrap="true">
                   
                  
               </td>
            </tr>
            <tr>
               <td colspan="4" class="detailsBox">
                  <div id="com.np.TestCases.SuiteOne.SuiteOneCaseTwo_SuiteOneCaseTwoTest_byClass_SKIP5_details"
                       class="testMethodDetails">
                     <div>
                        <b>Name: </b>SuiteOneCaseTwoTest
                     </div>
                     <div>
                        <b>Signature: </b>SuiteOneCaseTwoTest(java.lang.String, java.lang.String, java.lang.String, java.lang.String)[pri:0, instance:com.np.TestCases.SuiteOne.SuiteOneCaseTwo@1c24b45]
                     </div>
                     <div>
                        <b>Parameters: </b>
                        
                        4
                        
                        ,
                        
                        2
                        
                        ,
                        
                        5
                        
                        ,
                        
                        -3
                        
                        
                     </div>
                     <div>
                        <b>Start time: </b>14:44:16
                     </div>
                     <div>
                        <b>End time: </b>14:44:16
                     </div>
                     <div>
                        <b>Duration: </b>9 ms
                        
                     </div>
                  </div>
               </td>
            </tr>
            <tr></tr>
            <tr id="com.np.TestCases.SuiteOne.SuiteOneCaseTwo_reporterDataResults_byClass_SKIP6_row"
                class="testMethodStatusSKIP testMethodStatusCONF">
               <td width="100%" class="firstMethodCell">
                  <a onclick="toggleDetailsVisibility('com.np.TestCases.SuiteOne.SuiteOneCaseTwo_reporterDataResults_byClass_SKIP6_details')">reporterDataResults()</a>
               </td>
               <td nowrap="true">14:44:16</td>
               <td nowrap="true" align="right">0 ms
                  
               </td>
               <td nowrap="true">
                   
                  
               </td>
            </tr>
            <tr>
               <td colspan="4" class="detailsBox">
                  <div id="com.np.TestCases.SuiteOne.SuiteOneCaseTwo_reporterDataResults_byClass_SKIP6_details"
                       class="testMethodDetails">
                     <div>
                        <b>Name: </b>reporterDataResults
                     </div>
                     <div>
                        <b>Signature: </b>reporterDataResults()[pri:0, instance:com.np.TestCases.SuiteOne.SuiteOneCaseTwo@1c24b45]
                     </div>
                     <div>
                        <b>Start time: </b>14:44:16
                     </div>
                     <div>
                        <b>End time: </b>14:44:16
                     </div>
                     <div>
                        <b>Duration: </b>0 ms
                        
                     </div>
                  </div>
               </td>
            </tr>
            <tr></tr>
            <tr id="com.np.TestCases.SuiteOne.SuiteOneCaseTwo_closeBrowser_byClass_SKIP7_row"
                class="testMethodStatusSKIP testMethodStatusCONF">
               <td width="100%" class="firstMethodCell">
                  <a onclick="toggleDetailsVisibility('com.np.TestCases.SuiteOne.SuiteOneCaseTwo_closeBrowser_byClass_SKIP7_details')">closeBrowser()</a>
               </td>
               <td nowrap="true">14:44:16</td>
               <td nowrap="true" align="right">0 ms
                  
               </td>
               <td nowrap="true">
                   
                  
               </td>
            </tr>
            <tr>
               <td colspan="4" class="detailsBox">
                  <div id="com.np.TestCases.SuiteOne.SuiteOneCaseTwo_closeBrowser_byClass_SKIP7_details"
                       class="testMethodDetails">
                     <div>
                        <b>Name: </b>closeBrowser
                     </div>
                     <div>
                        <b>Signature: </b>closeBrowser()[pri:0, instance:com.np.TestCases.SuiteOne.SuiteOneCaseTwo@1c24b45]
                     </div>
                     <div>
                        <b>Start time: </b>14:44:16
                     </div>
                     <div>
                        <b>End time: </b>14:44:16
                     </div>
                     <div>
                        <b>Duration: </b>0 ms
                        
                     </div>
                  </div>
               </td>
            </tr>
            <tr></tr>
         </table>
         <br></br>
      </div>
      <div style="margin-top: 15px; color: gray; text-align: center; font-size: 9px;">
         <a href="" style="color: #8888aa;" target="_blank"></a>
      </div>
   </body>
</html>