<?xml version="1.0" encoding="UTF-8"?>
<!-- Generated by org.testng.reporters.JUnitXMLReporter -->
<testsuite hostname="BLRW3003911" name="CreateNewSalesRep" tests="1" failures="1" timestamp="13 May 2015 10:23:12 GMT" time="40.796" errors="0">
  <testcase name="CreateNewSalesRepTest" time="40.671" classname="com.np.TestCases.SalesRepSuite.CreateNewSalesRep">
    <failure type="java.lang.AssertionError" message="The following asserts failed:
ActualResult Value failed And ExpectedResult Value success does Not Match">
      <![CDATA[java.lang.AssertionError: The following asserts failed:
ActualResult Value failed And ExpectedResult Value success does Not Match
	at com.np.TestCases.SalesRepSuite.CreateNewSalesRep.CreateNewSalesRepTest(CreateNewSalesRep.java:104)
... Removed 26 stack frames]]>
    </failure>
  </testcase> <!-- CreateNewSalesRepTest -->
</testsuite> <!-- CreateNewSalesRep -->
