<!DOCTYPE html PUBLIC "-//W3C//DTD XHTML 1.1//EN" "http://www.w3.org/TR/xhtml11/DTD/xhtml11.dtd">
<html xmlns="http://www.w3.org/1999/xhtml"><head><title>TestNG Report</title><style type="text/css">table {margin-bottom:10px;border-collapse:collapse;empty-cells:show}th,td {border:1px solid #009;padding:.25em .5em}th {vertical-align:bottom}td {vertical-align:top}table a {font-weight:bold}.stripe td {background-color: #E6EBF9}.num {text-align:right}.passedodd td {background-color: #3F3}.passedeven td {background-color: #0A0}.skippedodd td {background-color: #DDD}.skippedeven td {background-color: #CCC}.failedodd td,.attn {background-color: #F33}.failedeven td,.stripe .attn {background-color: #D00}.stacktrace {white-space:pre;font-family:monospace}.totop {font-size:85%;text-align:center;border-bottom:2px solid #000}</style></head><body><table><tr><th>Test</th><th># Passed</th><th># Skipped</th><th># Failed</th><th>Time (ms)</th><th>Included Groups</th><th>Excluded Groups</th></tr><tr><th colspan="7">LoginSuite</th></tr><tr><td><a href="#t0">LoginCaseOne</a></td><td class="num">0</td><td class="num attn">1</td><td class="num attn">1</td><td class="num">230</td><td></td><td></td></tr><tr class="stripe"><td><a href="#t1">LoginCaseTwo</a></td><td class="num">0</td><td class="num attn">1</td><td class="num attn">1</td><td class="num">120</td><td></td><td></td></tr><tr><th colspan="7">Nexxus Suite</th></tr><tr><th>Total</th><th class="num">0</th><th class="num attn">2</th><th class="num attn">2</th><th class="num">350</th><th colspan="2"></th></tr></table><table><thead><tr><th>Class</th><th>Method</th><th>Start</th><th>Time (ms)</th></tr></thead><tbody><tr><th colspan="4">LoginSuite</th></tr></tbody><tbody id="t0"><tr><th colspan="4">LoginCaseOne &#8212; failed (configuration methods)</th></tr><tr class="failedeven"><td rowspan="1">com.np.TestCases.LoginSuite.LoginCaseOne</td><td><a href="#m0">reporterDataResults</a></td><td rowspan="1">1436786395405</td><td rowspan="1">0</td></tr><tr><th colspan="4">LoginCaseOne &#8212; failed</th></tr><tr class="failedeven"><td rowspan="1">com.np.TestCases.LoginSuite.LoginCaseOne</td><td><a href="#m1">LoginCaseOneTest</a></td><td rowspan="1">1436786395295</td><td rowspan="1">110</td></tr><tr><th colspan="4">LoginCaseOne &#8212; skipped (configuration methods)</th></tr><tr class="skippedeven"><td rowspan="2">com.np.TestCases.LoginSuite.LoginCaseOne</td><td><a href="#m2">closeBrowser</a></td><td rowspan="1">1436786395465</td><td rowspan="1">0</td></tr><tr class="skippedeven"><td><a href="#m3">reporterDataResults</a></td><td rowspan="1">1436786395455</td><td rowspan="1">0</td></tr><tr><th colspan="4">LoginCaseOne &#8212; skipped</th></tr><tr class="skippedeven"><td rowspan="1">com.np.TestCases.LoginSuite.LoginCaseOne</td><td><a href="#m4">LoginCaseOneTest</a></td><td rowspan="1">1436786395435</td><td rowspan="1">10</td></tr></tbody><tbody id="t1"><tr><th colspan="4">LoginCaseTwo &#8212; failed (configuration methods)</th></tr><tr class="failedeven"><td rowspan="1">com.np.TestCases.LoginSuite.LoginCaseTwo</td><td><a href="#m5">reporterDataResults</a></td><td rowspan="1">1436786395585</td><td rowspan="1">0</td></tr><tr><th colspan="4">LoginCaseTwo &#8212; failed</th></tr><tr class="failedeven"><td rowspan="1">com.np.TestCases.LoginSuite.LoginCaseTwo</td><td><a href="#m6">LoginCaseTwoTest</a></td><td rowspan="1">1436786395535</td><td rowspan="1">50</td></tr><tr><th colspan="4">LoginCaseTwo &#8212; skipped (configuration methods)</th></tr><tr class="skippedeven"><td rowspan="2">com.np.TestCases.LoginSuite.LoginCaseTwo</td><td><a href="#m7">closeBrowser</a></td><td rowspan="1">1436786395625</td><td rowspan="1">0</td></tr><tr class="skippedeven"><td><a href="#m8">reporterDataResults</a></td><td rowspan="1">1436786395615</td><td rowspan="1">0</td></tr><tr><th colspan="4">LoginCaseTwo &#8212; skipped</th></tr><tr class="skippedeven"><td rowspan="1">com.np.TestCases.LoginSuite.LoginCaseTwo</td><td><a href="#m9">LoginCaseTwoTest</a></td><td rowspan="1">1436786395595</td><td rowspan="1">10</td></tr></tbody><tbody><tr><th colspan="4">Nexxus Suite</th></tr></tbody></table><h2>LoginCaseOne</h2><h3 id="m0">com.np.TestCases.LoginSuite.LoginCaseOne#reporterDataResults</h3><table class="result"><tr><th>Exception</th></tr><tr><td><div class="stacktrace">java.lang.NullPointerException
	at com.np.TestCases.TestSuiteBase.SuiteBase.closeWebBrowser(SuiteBase.java:131)
	at com.np.TestCases.LoginSuite.LoginCaseOne.reporterDataResults(LoginCaseOne.java:137)
... Removed 27 stack frames</div></td></tr></table><p class="totop"><a href="#summary">back to summary</a></p><h3 id="m1">com.np.TestCases.LoginSuite.LoginCaseOne#LoginCaseOneTest</h3><table class="result"><tr class="param"><th>Parameter #1</th><th>Parameter #2</th><th>Parameter #3</th></tr><tr class="param stripe"><td>EnglishUser@appature.com</td><td>P@ssw0rd2</td><td>success</td></tr><tr><th colspan="3">Exception</th></tr><tr><td colspan="3"><div class="stacktrace">org.openqa.selenium.WebDriverException: Cannot find firefox binary in PATH. Make sure firefox is installed. OS appears to be: VISTA
Build info: version: &apos;2.45.0&apos;, revision: &apos;5017cb8&apos;, time: &apos;2015-02-26 23:59:50&apos;
System info: host: &apos;BLRW3005035&apos;, ip: &apos;10.205.35.92&apos;, os.name: &apos;Windows 7&apos;, os.arch: &apos;amd64&apos;, os.version: &apos;6.1&apos;, java.version: &apos;1.8.0_45&apos;
Driver info: driver.version: FirefoxDriver
	at org.openqa.selenium.firefox.internal.Executable.&lt;init&gt;(Executable.java:72)
	at org.openqa.selenium.firefox.FirefoxBinary.&lt;init&gt;(FirefoxBinary.java:59)
	at org.openqa.selenium.firefox.FirefoxBinary.&lt;init&gt;(FirefoxBinary.java:55)
	at org.openqa.selenium.firefox.FirefoxDriver.&lt;init&gt;(FirefoxDriver.java:95)
	at com.np.TestCases.TestSuiteBase.SuiteBase.loadWebBrowser(SuiteBase.java:95)
	at com.np.TestCases.LoginSuite.LoginCaseOne.LoginCaseOneTest(LoginCaseOne.java:79)
... Removed 25 stack frames</div></td></tr></table><p class="totop"><a href="#summary">back to summary</a></p><h3 id="m2">com.np.TestCases.LoginSuite.LoginCaseOne#closeBrowser</h3><table class="result"></table><p class="totop"><a href="#summary">back to summary</a></p><h3 id="m3">com.np.TestCases.LoginSuite.LoginCaseOne#reporterDataResults</h3><table class="result"></table><p class="totop"><a href="#summary">back to summary</a></p><h3 id="m4">com.np.TestCases.LoginSuite.LoginCaseOne#LoginCaseOneTest</h3><table class="result"><tr class="param"><th>Parameter #1</th><th>Parameter #2</th><th>Parameter #3</th></tr><tr class="param stripe"><td>EnglishAPI@appature.com</td><td>P@ssw0rd2</td><td>success</td></tr></table><p class="totop"><a href="#summary">back to summary</a></p><h2>LoginCaseTwo</h2><h3 id="m5">com.np.TestCases.LoginSuite.LoginCaseTwo#reporterDataResults</h3><table class="result"><tr><th>Exception</th></tr><tr><td><div class="stacktrace">java.lang.NullPointerException
	at com.np.TestCases.TestSuiteBase.SuiteBase.closeWebBrowser(SuiteBase.java:131)
	at com.np.TestCases.LoginSuite.LoginCaseTwo.reporterDataResults(LoginCaseTwo.java:119)
... Removed 27 stack frames</div></td></tr></table><p class="totop"><a href="#summary">back to summary</a></p><h3 id="m6">com.np.TestCases.LoginSuite.LoginCaseTwo#LoginCaseTwoTest</h3><table class="result"><tr class="param"><th>Parameter #1</th><th>Parameter #2</th><th>Parameter #3</th></tr><tr class="param stripe"><td>EnglishUser@appature.com</td><td>asdf</td><td>Invalid email or password.</td></tr><tr><th colspan="3">Exception</th></tr><tr><td colspan="3"><div class="stacktrace">org.openqa.selenium.WebDriverException: Cannot find firefox binary in PATH. Make sure firefox is installed. OS appears to be: VISTA
Build info: version: &apos;2.45.0&apos;, revision: &apos;5017cb8&apos;, time: &apos;2015-02-26 23:59:50&apos;
System info: host: &apos;BLRW3005035&apos;, ip: &apos;10.205.35.92&apos;, os.name: &apos;Windows 7&apos;, os.arch: &apos;amd64&apos;, os.version: &apos;6.1&apos;, java.version: &apos;1.8.0_45&apos;
Driver info: driver.version: FirefoxDriver
	at org.openqa.selenium.firefox.internal.Executable.&lt;init&gt;(Executable.java:72)
	at org.openqa.selenium.firefox.FirefoxBinary.&lt;init&gt;(FirefoxBinary.java:59)
	at org.openqa.selenium.firefox.FirefoxBinary.&lt;init&gt;(FirefoxBinary.java:55)
	at org.openqa.selenium.firefox.FirefoxDriver.&lt;init&gt;(FirefoxDriver.java:95)
	at com.np.TestCases.TestSuiteBase.SuiteBase.loadWebBrowser(SuiteBase.java:95)
	at com.np.TestCases.LoginSuite.LoginCaseTwo.LoginCaseTwoTest(LoginCaseTwo.java:74)
... Removed 25 stack frames</div></td></tr></table><p class="totop"><a href="#summary">back to summary</a></p><h3 id="m7">com.np.TestCases.LoginSuite.LoginCaseTwo#closeBrowser</h3><table class="result"></table><p class="totop"><a href="#summary">back to summary</a></p><h3 id="m8">com.np.TestCases.LoginSuite.LoginCaseTwo#reporterDataResults</h3><table class="result"></table><p class="totop"><a href="#summary">back to summary</a></p><h3 id="m9">com.np.TestCases.LoginSuite.LoginCaseTwo#LoginCaseTwoTest</h3><table class="result"><tr class="param"><th>Parameter #1</th><th>Parameter #2</th><th>Parameter #3</th></tr><tr class="param stripe"><td>EnglishUser@appature.com</td><td>dfgdf</td><td>Invalid email or password1.</td></tr></table><p class="totop"><a href="#summary">back to summary</a></p></body></html>