<?xml version="1.0" encoding="UTF-8"?>
<!-- Generated by org.testng.reporters.JUnitXMLReporter -->
<testsuite hostname="BLRW3005035" name="LoginCaseTwo" tests="2" failures="1" timestamp="13 Jul 2015 11:19:55 GMT" time="0.12" errors="0">
  <testcase name="@AfterMethod reporterDataResults" time="0.0" classname="com.np.TestCases.LoginSuite.LoginCaseTwo">
    <failure type="java.lang.NullPointerException">
      <![CDATA[java.lang.NullPointerException
	at com.np.TestCases.TestSuiteBase.SuiteBase.closeWebBrowser(SuiteBase.java:131)
	at com.np.TestCases.LoginSuite.LoginCaseTwo.reporterDataResults(LoginCaseTwo.java:119)
... Removed 27 stack frames]]>
    </failure>
  </testcase> <!-- @AfterMethod reporterDataResults -->
  <testcase name="@AfterMethod reporterDataResults" time="0.0" classname="com.np.TestCases.LoginSuite.LoginCaseTwo">
    <skipped/>
  </testcase> <!-- @AfterMethod reporterDataResults -->
  <testcase name="@AfterTest closeBrowser" time="0.0" classname="com.np.TestCases.LoginSuite.LoginCaseTwo">
    <skipped/>
  </testcase> <!-- @AfterTest closeBrowser -->
  <testcase name="LoginCaseTwoTest" time="0.05" classname="com.np.TestCases.LoginSuite.LoginCaseTwo">
    <failure type="org.openqa.selenium.WebDriverException" message="Cannot find firefox binary in PATH. Make sure firefox is installed. OS appears to be: VISTA
Build info: version: &amp;apos;2.45.0&amp;apos;, revision: &amp;apos;5017cb8&amp;apos;, time: &amp;apos;2015-02-26 23:59:50&amp;apos;
System info: host: &amp;apos;BLRW3005035&amp;apos;, ip: &amp;apos;10.205.35.92&amp;apos;, os.name: &amp;apos;Windows 7&amp;apos;, os.arch: &amp;apos;amd64&amp;apos;, os.version: &amp;apos;6.1&amp;apos;, java.version: &amp;apos;1.8.0_45&amp;apos;
Driver info: driver.version: FirefoxDriver">
      <![CDATA[org.openqa.selenium.WebDriverException: Cannot find firefox binary in PATH. Make sure firefox is installed. OS appears to be: VISTA
Build info: version: '2.45.0', revision: '5017cb8', time: '2015-02-26 23:59:50'
System info: host: 'BLRW3005035', ip: '10.205.35.92', os.name: 'Windows 7', os.arch: 'amd64', os.version: '6.1', java.version: '1.8.0_45'
Driver info: driver.version: FirefoxDriver
	at org.openqa.selenium.firefox.internal.Executable.<init>(Executable.java:72)
	at org.openqa.selenium.firefox.FirefoxBinary.<init>(FirefoxBinary.java:59)
	at org.openqa.selenium.firefox.FirefoxBinary.<init>(FirefoxBinary.java:55)
	at org.openqa.selenium.firefox.FirefoxDriver.<init>(FirefoxDriver.java:95)
	at com.np.TestCases.TestSuiteBase.SuiteBase.loadWebBrowser(SuiteBase.java:95)
	at com.np.TestCases.LoginSuite.LoginCaseTwo.LoginCaseTwoTest(LoginCaseTwo.java:74)
... Removed 25 stack frames]]>
    </failure>
  </testcase> <!-- LoginCaseTwoTest -->
  <testcase name="LoginCaseTwoTest" time="0.01" classname="com.np.TestCases.LoginSuite.LoginCaseTwo">
    <skipped/>
  </testcase> <!-- LoginCaseTwoTest -->
</testsuite> <!-- LoginCaseTwo -->
